<?xml version="1.0" encoding="UTF-8"?>
<coverage generated="1766235002131" clover="3.2.0">
  <project timestamp="1766235002131" name="All files">
    <metrics statements="54" coveredstatements="45" conditionals="12" coveredconditionals="9" methods="14" coveredmethods="10" elements="80" coveredelements="64" complexity="0" loc="54" ncloc="54" packages="3" files="7" classes="7"/>
    <package name="src">
      <metrics statements="1" coveredstatements="1" conditionals="0" coveredconditionals="0" methods="1" coveredmethods="1"/>
      <file name="App.css" path="/home/marek/DQN/TradingAlert/frontend/src/App.css">
        <metrics statements="0" coveredstatements="0" conditionals="0" coveredconditionals="0" methods="0" coveredmethods="0"/>
      </file>
      <file name="App.tsx" path="/home/marek/DQN/TradingAlert/frontend/src/App.tsx">
        <metrics statements="1" coveredstatements="1" conditionals="0" coveredconditionals="0" methods="1" coveredmethods="1"/>
        <line num="6" count="1" type="stmt"/>
      </file>
    </package>
    <package name="src.api">
      <metrics statements="11" coveredstatements="7" conditionals="2" coveredconditionals="2" methods="3" coveredmethods="1"/>
      <file name="alerts.ts" path="/home/marek/DQN/TradingAlert/frontend/src/api/alerts.ts">
        <metrics statements="6" coveredstatements="2" conditionals="0" coveredconditionals="0" methods="2" coveredmethods="0"/>
        <line num="19" count="1" type="stmt"/>
        <line num="20" count="0" type="stmt"/>
        <line num="21" count="0" type="stmt"/>
        <line num="24" count="1" type="stmt"/>
        <line num="25" count="0" type="stmt"/>
        <line num="26" count="0" type="stmt"/>
      </file>
      <file name="candles.ts" path="/home/marek/DQN/TradingAlert/frontend/src/api/candles.ts">
        <metrics statements="3" coveredstatements="3" conditionals="0" coveredconditionals="0" methods="1" coveredmethods="1"/>
        <line num="14" count="1" type="stmt"/>
        <line num="15" count="1" type="stmt"/>
        <line num="16" count="1" type="stmt"/>
      </file>
      <file name="client.ts" path="/home/marek/DQN/TradingAlert/frontend/src/api/client.ts">
        <metrics statements="2" coveredstatements="2" conditionals="2" coveredconditionals="2" methods="0" coveredmethods="0"/>
        <line num="3" count="3" type="cond" truecount="2" falsecount="0"/>
        <line num="5" count="3" type="stmt"/>
      </file>
    </package>
    <package name="src.components">
      <metrics statements="42" coveredstatements="37" conditionals="10" coveredconditionals="7" methods="10" coveredmethods="8"/>
      <file name="AlertForm.tsx" path="/home/marek/DQN/TradingAlert/frontend/src/components/AlertForm.tsx">
        <metrics statements="20" coveredstatements="17" conditionals="8" coveredconditionals="6" methods="4" coveredmethods="3"/>
        <line num="9" count="2" type="stmt"/>
        <line num="10" count="5" type="stmt"/>
        <line num="11" count="5" type="stmt"/>
        <line num="12" count="5" type="stmt"/>
        <line num="13" count="5" type="stmt"/>
        <line num="15" count="5" type="stmt"/>
        <line num="16" count="1" type="stmt"/>
        <line num="17" count="1" type="stmt"/>
        <line num="18" count="1" type="stmt"/>
        <line num="20" count="1" type="stmt"/>
        <line num="21" count="1" type="stmt"/>
        <line num="26" count="1" type="stmt"/>
        <line num="27" count="1" type="stmt"/>
        <line num="28" count="1" type="cond" truecount="1" falsecount="1"/>
        <line num="30" count="0" type="stmt"/>
        <line num="31" count="0" type="stmt"/>
        <line num="33" count="1" type="stmt"/>
        <line num="37" count="5" type="stmt"/>
        <line num="46" count="0" type="stmt"/>
        <line num="60" count="1" type="stmt"/>
      </file>
      <file name="ChartComponent.tsx" path="/home/marek/DQN/TradingAlert/frontend/src/components/ChartComponent.tsx">
        <metrics statements="22" coveredstatements="20" conditionals="2" coveredconditionals="1" methods="6" coveredmethods="5"/>
        <line num="9" count="2" type="stmt"/>
        <line num="10" count="2" type="stmt"/>
        <line num="11" count="2" type="stmt"/>
        <line num="13" count="2" type="stmt"/>
        <line num="14" count="2" type="cond" truecount="1" falsecount="1"/>
        <line num="16" count="2" type="stmt"/>
        <line num="29" count="2" type="stmt"/>
        <line num="37" count="2" type="stmt"/>
        <line num="39" count="2" type="stmt"/>
        <line num="40" count="0" type="stmt"/>
        <line num="43" count="2" type="stmt"/>
        <line num="45" count="2" type="stmt"/>
        <line num="46" count="2" type="stmt"/>
        <line num="47" count="2" type="stmt"/>
        <line num="48" count="2" type="stmt"/>
        <line num="55" count="2" type="stmt"/>
        <line num="57" count="0" type="stmt"/>
        <line num="61" count="2" type="stmt"/>
        <line num="63" count="2" type="stmt"/>
        <line num="64" count="2" type="stmt"/>
        <line num="65" count="2" type="stmt"/>
        <line num="69" count="2" type="stmt"/>
      </file>
    </package>
  </project>
</coverage>
