{"/home/marek/DQN/TradingAlert/frontend/src/App.css": {"path":"/home/marek/DQN/TradingAlert/frontend/src/App.css","statementMap":{},"fnMap":{},"branchMap":{},"s":{},"f":{},"b":{},"meta":{"lastBranch":0,"lastFunction":0,"lastStatement":0,"seen":{}}}
,"/home/marek/DQN/TradingAlert/frontend/src/App.tsx": {"path":"/home/marek/DQN/TradingAlert/frontend/src/App.tsx","statementMap":{"0":{"start":{"line":5,"column":2},"end":{"line":16,"column":null}}},"fnMap":{"0":{"name":"App","decl":{"start":{"line":4,"column":9},"end":{"line":4,"column":15}},"loc":{"start":{"line":4,"column":15},"end":{"line":18,"column":null}},"line":4}},"branchMap":{},"s":{"0":1},"f":{"0":1},"b":{},"meta":{"lastBranch":0,"lastFunction":1,"lastStatement":1,"seen":{"f:4:9:4:15":0,"s:5:2:16:Infinity":0}}}
,"/home/marek/DQN/TradingAlert/frontend/src/api/candles.ts": {"path":"/home/marek/DQN/TradingAlert/frontend/src/api/candles.ts","statementMap":{"0":{"start":{"line":14,"column":26},"end":{"line":17,"column":null}},"1":{"start":{"line":15,"column":19},"end":{"line":15,"column":null}},"2":{"start":{"line":16,"column":2},"end":{"line":16,"column":null}}},"fnMap":{"0":{"name":"(anonymous_0)","decl":{"start":{"line":14,"column":26},"end":{"line":14,"column":33}},"loc":{"start":{"line":14,"column":71},"end":{"line":17,"column":null}},"line":14}},"branchMap":{},"s":{"0":1,"1":1,"2":1},"f":{"0":1},"b":{},"meta":{"lastBranch":0,"lastFunction":1,"lastStatement":3,"seen":{"s:14:26:17:Infinity":0,"f:14:26:14:33":0,"s:15:19:15:Infinity":1,"s:16:2:16:Infinity":2}}}
,"/home/marek/DQN/TradingAlert/frontend/src/api/client.ts": {"path":"/home/marek/DQN/TradingAlert/frontend/src/api/client.ts","statementMap":{"0":{"start":{"line":3,"column":21},"end":{"line":3,"column":null}},"1":{"start":{"line":5,"column":15},"end":{"line":10,"column":null}}},"fnMap":{},"branchMap":{"0":{"loc":{"start":{"line":3,"column":21},"end":{"line":3,"column":null}},"type":"binary-expr","locations":[{"start":{"line":3,"column":21},"end":{"line":3,"column":53}},{"start":{"line":3,"column":53},"end":{"line":3,"column":null}}],"line":3}},"s":{"0":1,"1":1},"f":{},"b":{"0":[1,1]},"meta":{"lastBranch":1,"lastFunction":0,"lastStatement":2,"seen":{"s:3:21:3:Infinity":0,"b:3:21:3:53:3:53:3:Infinity":0,"s:5:15:10:Infinity":1}}}
,"/home/marek/DQN/TradingAlert/frontend/src/components/ChartComponent.tsx": {"path":"/home/marek/DQN/TradingAlert/frontend/src/components/ChartComponent.tsx","statementMap":{"0":{"start":{"line":9,"column":23},"end":{"line":76,"column":null}},"1":{"start":{"line":10,"column":8},"end":{"line":10,"column":null}},"2":{"start":{"line":11,"column":8},"end":{"line":11,"column":null}},"3":{"start":{"line":13,"column":2},"end":{"line":67,"column":null}},"4":{"start":{"line":14,"column":4},"end":{"line":14,"column":null}},"5":{"start":{"line":14,"column":36},"end":{"line":14,"column":null}},"6":{"start":{"line":16,"column":10},"end":{"line":27,"column":null}},"7":{"start":{"line":29,"column":30},"end":{"line":35,"column":null}},"8":{"start":{"line":37,"column":4},"end":{"line":37,"column":null}},"9":{"start":{"line":39,"column":25},"end":{"line":41,"column":null}},"10":{"start":{"line":40,"column":6},"end":{"line":40,"column":null}},"11":{"start":{"line":43,"column":4},"end":{"line":43,"column":null}},"12":{"start":{"line":45,"column":22},"end":{"line":59,"column":null}},"13":{"start":{"line":46,"column":6},"end":{"line":58,"column":null}},"14":{"start":{"line":47,"column":21},"end":{"line":47,"column":null}},"15":{"start":{"line":48,"column":30},"end":{"line":54,"column":null}},"16":{"start":{"line":48,"column":45},"end":{"line":54,"column":10}},"17":{"start":{"line":55,"column":8},"end":{"line":55,"column":null}},"18":{"start":{"line":57,"column":8},"end":{"line":57,"column":null}},"19":{"start":{"line":61,"column":4},"end":{"line":61,"column":null}},"20":{"start":{"line":63,"column":4},"end":{"line":66,"column":null}},"21":{"start":{"line":64,"column":6},"end":{"line":64,"column":null}},"22":{"start":{"line":65,"column":6},"end":{"line":65,"column":null}},"23":{"start":{"line":69,"column":2},"end":{"line":74,"column":null}}},"fnMap":{"0":{"name":"(anonymous_0)","decl":{"start":{"line":9,"column":23},"end":{"line":9,"column":24}},"loc":{"start":{"line":9,"column":60},"end":{"line":76,"column":null}},"line":9},"1":{"name":"(anonymous_1)","decl":{"start":{"line":13,"column":12},"end":{"line":13,"column":18}},"loc":{"start":{"line":13,"column":18},"end":{"line":67,"column":5}},"line":13},"2":{"name":"(anonymous_2)","decl":{"start":{"line":39,"column":25},"end":{"line":39,"column":31}},"loc":{"start":{"line":39,"column":31},"end":{"line":41,"column":null}},"line":39},"3":{"name":"(anonymous_3)","decl":{"start":{"line":45,"column":22},"end":{"line":45,"column":34}},"loc":{"start":{"line":45,"column":34},"end":{"line":59,"column":null}},"line":45},"4":{"name":"(anonymous_4)","decl":{"start":{"line":48,"column":39},"end":{"line":48,"column":45}},"loc":{"start":{"line":48,"column":45},"end":{"line":54,"column":10}},"line":48},"5":{"name":"(anonymous_5)","decl":{"start":{"line":63,"column":11},"end":{"line":63,"column":17}},"loc":{"start":{"line":63,"column":17},"end":{"line":66,"column":null}},"line":63}},"branchMap":{"0":{"loc":{"start":{"line":14,"column":4},"end":{"line":14,"column":null}},"type":"if","locations":[{"start":{"line":14,"column":4},"end":{"line":14,"column":null}},{"start":{},"end":{}}],"line":14}},"s":{"0":2,"1":2,"2":2,"3":2,"4":2,"5":0,"6":2,"7":2,"8":2,"9":2,"10":0,"11":2,"12":2,"13":2,"14":2,"15":2,"16":1,"17":2,"18":0,"19":2,"20":2,"21":2,"22":2,"23":2},"f":{"0":2,"1":2,"2":0,"3":2,"4":1,"5":2},"b":{"0":[0,2]},"meta":{"lastBranch":1,"lastFunction":6,"lastStatement":24,"seen":{"s:9:23:76:Infinity":0,"f:9:23:9:24":0,"s:10:8:10:Infinity":1,"s:11:8:11:Infinity":2,"s:13:2:67:Infinity":3,"f:13:12:13:18":1,"b:14:4:14:Infinity:undefined:undefined:undefined:undefined":0,"s:14:4:14:Infinity":4,"s:14:36:14:Infinity":5,"s:16:10:27:Infinity":6,"s:29:30:35:Infinity":7,"s:37:4:37:Infinity":8,"s:39:25:41:Infinity":9,"f:39:25:39:31":2,"s:40:6:40:Infinity":10,"s:43:4:43:Infinity":11,"s:45:22:59:Infinity":12,"f:45:22:45:34":3,"s:46:6:58:Infinity":13,"s:47:21:47:Infinity":14,"s:48:30:54:Infinity":15,"f:48:39:48:45":4,"s:48:45:54:10":16,"s:55:8:55:Infinity":17,"s:57:8:57:Infinity":18,"s:61:4:61:Infinity":19,"s:63:4:66:Infinity":20,"f:63:11:63:17":5,"s:64:6:64:Infinity":21,"s:65:6:65:Infinity":22,"s:69:2:74:Infinity":23}}}
}
